--- UPDATE START: 2026-02-03 16:02:10 ---
Starte Kalender-Update für Klasse: dozreb
ical-Link aus DB extrahieren...
ICS-Datei herunterladen...
Füge Termine in die Datenbank ein...
Führe Vergleichsoperationen durch...
Alle Datenbankoperationen erfolgreich!
############################################
Starte Kalender-Update für Klasse: pbd2h24a
ical-Link aus DB extrahieren...
ICS-Datei herunterladen...
Füge Termine in die Datenbank ein...
Führe Vergleichsoperationen durch...
Alle Datenbankoperationen erfolgreich!
############################################
Starte Kalender-Update für Klasse: pbg2h24a
ical-Link aus DB extrahieren...
ICS-Datei herunterladen...
Füge Termine in die Datenbank ein...
Führe Vergleichsoperationen durch...
Alle Datenbankoperationen erfolgreich!
############################################
Starte Kalender-Update für Klasse: pbm2h24c
ical-Link aus DB extrahieren...
ICS-Datei herunterladen...
Füge Termine in die Datenbank ein...
Führe Vergleichsoperationen durch...
Alle Datenbankoperationen erfolgreich!
############################################
Starte Kalender-Update für Klasse: pbm2h24d
ical-Link aus DB extrahieren...
ICS-Datei herunterladen...
Füge Termine in die Datenbank ein...
Führe Vergleichsoperationen durch...
Alle Datenbankoperationen erfolgreich!
############################################
Starte Kalender-Update für Klasse: pboih24b
ical-Link aus DB extrahieren...
ICS-Datei herunterladen...
Füge Termine in die Datenbank ein...
Führe Vergleichsoperationen durch...
Alle Datenbankoperationen erfolgreich!
############################################
Starte Kalender-Update für Klasse: pbs2h24a
ical-Link aus DB extrahieren...
ICS-Datei herunterladen...
Füge Termine in die Datenbank ein...
Führe Vergleichsoperationen durch...
Alle Datenbankoperationen erfolgreich!
############################################

--- UPDATE ENDE ---

--- UPDATE START: 2026-02-03 16:11:31 ---
Starte Kalender-Update für Klasse: dozreb
ical-Link aus DB extrahieren...
ICS-Datei herunterladen...
Füge Termine in die Datenbank ein...
Führe Vergleichsoperationen durch...
Alle Datenbankoperationen erfolgreich!
############################################
Starte Kalender-Update für Klasse: pbd2h24a
ical-Link aus DB extrahieren...
ICS-Datei herunterladen...
Füge Termine in die Datenbank ein...
Führe Vergleichsoperationen durch...
Alle Datenbankoperationen erfolgreich!
############################################
Starte Kalender-Update für Klasse: pbg2h24a
ical-Link aus DB extrahieren...
ICS-Datei herunterladen...
Füge Termine in die Datenbank ein...
Führe Vergleichsoperationen durch...
Alle Datenbankoperationen erfolgreich!
############################################
Starte Kalender-Update für Klasse: pbm2h24c
ical-Link aus DB extrahieren...
ICS-Datei herunterladen...
Füge Termine in die Datenbank ein...
Führe Vergleichsoperationen durch...
Alle Datenbankoperationen erfolgreich!
############################################
Starte Kalender-Update für Klasse: pbm2h24d
ical-Link aus DB extrahieren...
ICS-Datei herunterladen...
Füge Termine in die Datenbank ein...
Führe Vergleichsoperationen durch...
Alle Datenbankoperationen erfolgreich!
############################################
Starte Kalender-Update für Klasse: pboih24b
ical-Link aus DB extrahieren...
ICS-Datei herunterladen...
Füge Termine in die Datenbank ein...
Führe Vergleichsoperationen durch...
Alle Datenbankoperationen erfolgreich!
############################################
Starte Kalender-Update für Klasse: pbs2h24a
ical-Link aus DB extrahieren...
ICS-Datei herunterladen...
Füge Termine in die Datenbank ein...
Führe Vergleichsoperationen durch...
Alle Datenbankoperationen erfolgreich!
############################################

--- UPDATE ENDE ---

